[27-May-2026 21:04:52 Europe/Berlin] PHP Fatal error:  Cannot redeclare verifyCSRF() (previously declared in C:\xampp\htdocs\syntara\includes\functions.php:51) in C:\xampp\htdocs\syntara\includes\functions.php on line 429
[27-May-2026 21:04:52 Europe/Berlin] PHP Fatal error:  Cannot redeclare verifyCSRF() (previously declared in C:\xampp\htdocs\syntara\includes\functions.php:51) in C:\xampp\htdocs\syntara\includes\functions.php on line 429
[27-May-2026 21:04:53 Europe/Berlin] PHP Fatal error:  Cannot redeclare verifyCSRF() (previously declared in C:\xampp\htdocs\syntara\includes\functions.php:51) in C:\xampp\htdocs\syntara\includes\functions.php on line 429
[27-May-2026 21:04:53 Europe/Berlin] PHP Fatal error:  Cannot redeclare verifyCSRF() (previously declared in C:\xampp\htdocs\syntara\includes\functions.php:51) in C:\xampp\htdocs\syntara\includes\functions.php on line 429
[27-May-2026 21:32:31 Europe/Berlin] PHP Fatal error:  Cannot redeclare verifyCSRF() (previously declared in C:\xampp\htdocs\syntara\includes\functions.php:51) in C:\xampp\htdocs\syntara\includes\functions.php on line 429
[27-May-2026 21:32:31 Europe/Berlin] PHP Fatal error:  Cannot redeclare verifyCSRF() (previously declared in C:\xampp\htdocs\syntara\includes\functions.php:51) in C:\xampp\htdocs\syntara\includes\functions.php on line 429
[27-May-2026 21:32:31 Europe/Berlin] PHP Fatal error:  Cannot redeclare verifyCSRF() (previously declared in C:\xampp\htdocs\syntara\includes\functions.php:51) in C:\xampp\htdocs\syntara\includes\functions.php on line 429
[27-May-2026 21:32:32 Europe/Berlin] PHP Fatal error:  Cannot redeclare verifyCSRF() (previously declared in C:\xampp\htdocs\syntara\includes\functions.php:51) in C:\xampp\htdocs\syntara\includes\functions.php on line 429
[27-May-2026 21:32:32 Europe/Berlin] PHP Fatal error:  Cannot redeclare verifyCSRF() (previously declared in C:\xampp\htdocs\syntara\includes\functions.php:51) in C:\xampp\htdocs\syntara\includes\functions.php on line 429
[27-May-2026 21:32:32 Europe/Berlin] PHP Fatal error:  Cannot redeclare verifyCSRF() (previously declared in C:\xampp\htdocs\syntara\includes\functions.php:51) in C:\xampp\htdocs\syntara\includes\functions.php on line 429
[27-May-2026 21:32:32 Europe/Berlin] PHP Fatal error:  Cannot redeclare verifyCSRF() (previously declared in C:\xampp\htdocs\syntara\includes\functions.php:51) in C:\xampp\htdocs\syntara\includes\functions.php on line 429
[27-May-2026 21:32:32 Europe/Berlin] PHP Fatal error:  Cannot redeclare verifyCSRF() (previously declared in C:\xampp\htdocs\syntara\includes\functions.php:51) in C:\xampp\htdocs\syntara\includes\functions.php on line 429
[27-May-2026 21:32:33 Europe/Berlin] PHP Fatal error:  Cannot redeclare verifyCSRF() (previously declared in C:\xampp\htdocs\syntara\includes\functions.php:51) in C:\xampp\htdocs\syntara\includes\functions.php on line 429
[27-May-2026 21:32:44 Europe/Berlin] PHP Fatal error:  Cannot redeclare verifyCSRF() (previously declared in C:\xampp\htdocs\syntara\includes\functions.php:51) in C:\xampp\htdocs\syntara\includes\functions.php on line 429
[27-May-2026 21:32:46 Europe/Berlin] PHP Fatal error:  Cannot redeclare verifyCSRF() (previously declared in C:\xampp\htdocs\syntara\includes\functions.php:51) in C:\xampp\htdocs\syntara\includes\functions.php on line 429
[27-May-2026 21:32:46 Europe/Berlin] PHP Fatal error:  Cannot redeclare verifyCSRF() (previously declared in C:\xampp\htdocs\syntara\includes\functions.php:51) in C:\xampp\htdocs\syntara\includes\functions.php on line 429
[27-May-2026 21:32:46 Europe/Berlin] PHP Fatal error:  Cannot redeclare verifyCSRF() (previously declared in C:\xampp\htdocs\syntara\includes\functions.php:51) in C:\xampp\htdocs\syntara\includes\functions.php on line 429
[27-May-2026 21:32:47 Europe/Berlin] PHP Fatal error:  Cannot redeclare verifyCSRF() (previously declared in C:\xampp\htdocs\syntara\includes\functions.php:51) in C:\xampp\htdocs\syntara\includes\functions.php on line 429
[27-May-2026 21:32:47 Europe/Berlin] PHP Fatal error:  Cannot redeclare verifyCSRF() (previously declared in C:\xampp\htdocs\syntara\includes\functions.php:51) in C:\xampp\htdocs\syntara\includes\functions.php on line 429
[27-May-2026 21:32:47 Europe/Berlin] PHP Fatal error:  Cannot redeclare verifyCSRF() (previously declared in C:\xampp\htdocs\syntara\includes\functions.php:51) in C:\xampp\htdocs\syntara\includes\functions.php on line 429
[27-May-2026 21:32:47 Europe/Berlin] PHP Fatal error:  Cannot redeclare verifyCSRF() (previously declared in C:\xampp\htdocs\syntara\includes\functions.php:51) in C:\xampp\htdocs\syntara\includes\functions.php on line 429
[27-May-2026 21:32:47 Europe/Berlin] PHP Fatal error:  Cannot redeclare verifyCSRF() (previously declared in C:\xampp\htdocs\syntara\includes\functions.php:51) in C:\xampp\htdocs\syntara\includes\functions.php on line 429
[27-May-2026 21:32:47 Europe/Berlin] PHP Fatal error:  Cannot redeclare verifyCSRF() (previously declared in C:\xampp\htdocs\syntara\includes\functions.php:51) in C:\xampp\htdocs\syntara\includes\functions.php on line 429
[27-May-2026 21:32:47 Europe/Berlin] PHP Fatal error:  Cannot redeclare verifyCSRF() (previously declared in C:\xampp\htdocs\syntara\includes\functions.php:51) in C:\xampp\htdocs\syntara\includes\functions.php on line 429
[27-May-2026 21:35:07 Europe/Berlin] PHP Fatal error:  Cannot redeclare verifyCSRF() (previously declared in C:\xampp\htdocs\syntara\includes\functions.php:51) in C:\xampp\htdocs\syntara\includes\functions.php on line 429
[27-May-2026 21:41:39 Europe/Berlin] PHP Fatal error:  Cannot redeclare verifyCSRF() (previously declared in C:\xampp\htdocs\syntara\includes\functions.php:51) in C:\xampp\htdocs\syntara\includes\functions.php on line 429
[27-May-2026 21:41:40 Europe/Berlin] PHP Fatal error:  Cannot redeclare verifyCSRF() (previously declared in C:\xampp\htdocs\syntara\includes\functions.php:51) in C:\xampp\htdocs\syntara\includes\functions.php on line 429
[27-May-2026 21:41:40 Europe/Berlin] PHP Fatal error:  Cannot redeclare verifyCSRF() (previously declared in C:\xampp\htdocs\syntara\includes\functions.php:51) in C:\xampp\htdocs\syntara\includes\functions.php on line 429
[27-May-2026 21:41:41 Europe/Berlin] PHP Fatal error:  Cannot redeclare verifyCSRF() (previously declared in C:\xampp\htdocs\syntara\includes\functions.php:51) in C:\xampp\htdocs\syntara\includes\functions.php on line 429
[27-May-2026 21:41:41 Europe/Berlin] PHP Fatal error:  Cannot redeclare verifyCSRF() (previously declared in C:\xampp\htdocs\syntara\includes\functions.php:51) in C:\xampp\htdocs\syntara\includes\functions.php on line 429
[27-May-2026 21:41:41 Europe/Berlin] PHP Fatal error:  Cannot redeclare verifyCSRF() (previously declared in C:\xampp\htdocs\syntara\includes\functions.php:51) in C:\xampp\htdocs\syntara\includes\functions.php on line 429
[27-May-2026 21:44:30 Europe/Berlin] PHP Fatal error:  Cannot redeclare verifyCSRF() (previously declared in C:\xampp\htdocs\syntara\includes\functions.php:51) in C:\xampp\htdocs\syntara\includes\functions.php on line 429
[27-May-2026 21:44:30 Europe/Berlin] PHP Fatal error:  Cannot redeclare verifyCSRF() (previously declared in C:\xampp\htdocs\syntara\includes\functions.php:51) in C:\xampp\htdocs\syntara\includes\functions.php on line 429
[27-May-2026 21:44:31 Europe/Berlin] PHP Fatal error:  Cannot redeclare verifyCSRF() (previously declared in C:\xampp\htdocs\syntara\includes\functions.php:51) in C:\xampp\htdocs\syntara\includes\functions.php on line 429
[27-May-2026 21:44:31 Europe/Berlin] PHP Fatal error:  Cannot redeclare verifyCSRF() (previously declared in C:\xampp\htdocs\syntara\includes\functions.php:51) in C:\xampp\htdocs\syntara\includes\functions.php on line 429
[27-May-2026 21:45:43 Europe/Berlin] PHP Fatal error:  Cannot redeclare verifyCSRF() (previously declared in C:\xampp\htdocs\syntara\includes\functions.php:51) in C:\xampp\htdocs\syntara\includes\functions.php on line 429
[27-May-2026 21:45:43 Europe/Berlin] PHP Fatal error:  Cannot redeclare verifyCSRF() (previously declared in C:\xampp\htdocs\syntara\includes\functions.php:51) in C:\xampp\htdocs\syntara\includes\functions.php on line 429
[27-May-2026 21:45:43 Europe/Berlin] PHP Fatal error:  Cannot redeclare verifyCSRF() (previously declared in C:\xampp\htdocs\syntara\includes\functions.php:51) in C:\xampp\htdocs\syntara\includes\functions.php on line 429
[27-May-2026 21:46:38 Europe/Berlin] PHP Fatal error:  Cannot redeclare verifyCSRF() (previously declared in C:\xampp\htdocs\syntara\includes\functions.php:51) in C:\xampp\htdocs\syntara\includes\functions.php on line 429
[27-May-2026 21:46:38 Europe/Berlin] PHP Fatal error:  Cannot redeclare verifyCSRF() (previously declared in C:\xampp\htdocs\syntara\includes\functions.php:51) in C:\xampp\htdocs\syntara\includes\functions.php on line 429
[27-May-2026 21:46:38 Europe/Berlin] PHP Fatal error:  Cannot redeclare verifyCSRF() (previously declared in C:\xampp\htdocs\syntara\includes\functions.php:51) in C:\xampp\htdocs\syntara\includes\functions.php on line 429
[27-May-2026 21:46:38 Europe/Berlin] PHP Fatal error:  Cannot redeclare verifyCSRF() (previously declared in C:\xampp\htdocs\syntara\includes\functions.php:51) in C:\xampp\htdocs\syntara\includes\functions.php on line 429
[27-May-2026 21:51:43 Europe/Berlin] PHP Fatal error:  Cannot redeclare verifyCSRF() (previously declared in C:\xampp\htdocs\syntara\includes\functions.php:51) in C:\xampp\htdocs\syntara\includes\functions.php on line 429
[27-May-2026 21:51:43 Europe/Berlin] PHP Fatal error:  Cannot redeclare verifyCSRF() (previously declared in C:\xampp\htdocs\syntara\includes\functions.php:51) in C:\xampp\htdocs\syntara\includes\functions.php on line 429
[27-May-2026 21:51:44 Europe/Berlin] PHP Fatal error:  Cannot redeclare verifyCSRF() (previously declared in C:\xampp\htdocs\syntara\includes\functions.php:51) in C:\xampp\htdocs\syntara\includes\functions.php on line 429
[27-May-2026 21:51:44 Europe/Berlin] PHP Fatal error:  Cannot redeclare verifyCSRF() (previously declared in C:\xampp\htdocs\syntara\includes\functions.php:51) in C:\xampp\htdocs\syntara\includes\functions.php on line 429
[27-May-2026 21:51:44 Europe/Berlin] PHP Fatal error:  Cannot redeclare verifyCSRF() (previously declared in C:\xampp\htdocs\syntara\includes\functions.php:51) in C:\xampp\htdocs\syntara\includes\functions.php on line 429
[27-May-2026 21:51:44 Europe/Berlin] PHP Fatal error:  Cannot redeclare verifyCSRF() (previously declared in C:\xampp\htdocs\syntara\includes\functions.php:51) in C:\xampp\htdocs\syntara\includes\functions.php on line 429
[27-May-2026 21:51:44 Europe/Berlin] PHP Fatal error:  Cannot redeclare verifyCSRF() (previously declared in C:\xampp\htdocs\syntara\includes\functions.php:51) in C:\xampp\htdocs\syntara\includes\functions.php on line 429
[27-May-2026 21:52:51 Europe/Berlin] PHP Fatal error:  Cannot redeclare verifyCSRF() (previously declared in C:\xampp\htdocs\syntara\includes\functions.php:51) in C:\xampp\htdocs\syntara\includes\functions.php on line 429
[27-May-2026 21:58:19 Europe/Berlin] PHP Fatal error:  Cannot redeclare url() (previously declared in C:\xampp\htdocs\syntara\includes\config.php:80) in C:\xampp\htdocs\syntara\includes\functions.php on line 50
[27-May-2026 21:59:22 Europe/Berlin] PHP Fatal error:  Cannot redeclare url() (previously declared in C:\xampp\htdocs\syntara\includes\config.php:80) in C:\xampp\htdocs\syntara\includes\functions.php on line 50
[27-May-2026 21:59:23 Europe/Berlin] PHP Fatal error:  Cannot redeclare url() (previously declared in C:\xampp\htdocs\syntara\includes\config.php:80) in C:\xampp\htdocs\syntara\includes\functions.php on line 50
[27-May-2026 21:59:23 Europe/Berlin] PHP Fatal error:  Cannot redeclare url() (previously declared in C:\xampp\htdocs\syntara\includes\config.php:80) in C:\xampp\htdocs\syntara\includes\functions.php on line 50
[27-May-2026 22:08:41 Europe/Berlin] PHP Fatal error:  Uncaught Error: Call to undefined function checkRateLimit() in C:\xampp\htdocs\syntara\register.php:28
Stack trace:
#0 {main}
  thrown in C:\xampp\htdocs\syntara\register.php on line 28
[27-May-2026 22:10:35 Europe/Berlin] PHP Fatal error:  Uncaught Error: Call to undefined function isValidName() in C:\xampp\htdocs\syntara\register.php:41
Stack trace:
#0 {main}
  thrown in C:\xampp\htdocs\syntara\register.php on line 41
[27-May-2026 22:10:37 Europe/Berlin] PHP Fatal error:  Uncaught Error: Call to undefined function isValidName() in C:\xampp\htdocs\syntara\register.php:41
Stack trace:
#0 {main}
  thrown in C:\xampp\htdocs\syntara\register.php on line 41
[27-May-2026 22:12:37 Europe/Berlin] PHP Fatal error:  Uncaught Error: Class "User" not found in C:\xampp\htdocs\syntara\login.php:39
Stack trace:
#0 {main}
  thrown in C:\xampp\htdocs\syntara\login.php on line 39
[27-May-2026 22:13:38 Europe/Berlin] PHP Fatal error:  Uncaught PDOException: SQLSTATE[42S02]: Base table or view not found: 1146 Table 'syntara_db.users' doesn't exist in C:\xampp\htdocs\syntara\login.php:29
Stack trace:
#0 C:\xampp\htdocs\syntara\login.php(29): PDO->prepare('\n        SELECT...')
#1 {main}
  thrown in C:\xampp\htdocs\syntara\login.php on line 29
[27-May-2026 22:15:04 Europe/Berlin] PHP Fatal error:  Uncaught PDOException: SQLSTATE[42S02]: Base table or view not found: 1146 Table 'syntara_db.users' doesn't exist in C:\xampp\htdocs\syntara\login.php:29
Stack trace:
#0 C:\xampp\htdocs\syntara\login.php(29): PDO->prepare('\n        SELECT...')
#1 {main}
  thrown in C:\xampp\htdocs\syntara\login.php on line 29
[27-May-2026 22:15:37 Europe/Berlin] PHP Fatal error:  Uncaught TypeError: e(): Argument #1 ($text) must be of type string, array given, called in C:\xampp\htdocs\syntara\layouts\alert.php on line 23 and defined in C:\xampp\htdocs\syntara\includes\functions.php:7
Stack trace:
#0 C:\xampp\htdocs\syntara\layouts\alert.php(23): e(Array)
#1 C:\xampp\htdocs\syntara\includes\header.php(112): require_once('C:\\xampp\\htdocs...')
#2 C:\xampp\htdocs\syntara\login.php(76): require_once('C:\\xampp\\htdocs...')
#3 {main}
  thrown in C:\xampp\htdocs\syntara\includes\functions.php on line 7
[27-May-2026 22:17:44 Europe/Berlin] PHP Fatal error:  Uncaught Error: Class "Course" not found in C:\xampp\htdocs\syntara\aluno\dashboard.php:21
Stack trace:
#0 {main}
  thrown in C:\xampp\htdocs\syntara\aluno\dashboard.php on line 21
[27-May-2026 22:29:44 Europe/Berlin] PHP Fatal error:  Uncaught Error: Call to undefined function formatDate() in C:\xampp\htdocs\syntara\aluno\view_lesson.php:66
Stack trace:
#0 {main}
  thrown in C:\xampp\htdocs\syntara\aluno\view_lesson.php on line 66
[27-May-2026 22:51:50 Europe/Berlin] PHP Warning:  Undefined array key "curso_id" in C:\xampp\htdocs\syntara\aluno\dashboard.php on line 319
[27-May-2026 22:51:50 Europe/Berlin] PHP Warning:  Undefined array key "curso_id" in C:\xampp\htdocs\syntara\aluno\dashboard.php on line 319
[29-May-2026 18:06:56 Europe/Berlin] PHP Fatal error:  Uncaught Error: Call to undefined function formatDate() in C:\xampp\htdocs\syntara\admin\dashboard.php:111
Stack trace:
#0 {main}
  thrown in C:\xampp\htdocs\syntara\admin\dashboard.php on line 111
[29-May-2026 18:08:47 Europe/Berlin] PHP Fatal error:  Uncaught Error: Call to undefined function formatDate() in C:\xampp\htdocs\syntara\admin\dashboard.php:111
Stack trace:
#0 {main}
  thrown in C:\xampp\htdocs\syntara\admin\dashboard.php on line 111
[29-May-2026 18:08:48 Europe/Berlin] PHP Fatal error:  Uncaught Error: Call to undefined function formatDate() in C:\xampp\htdocs\syntara\admin\dashboard.php:111
Stack trace:
#0 {main}
  thrown in C:\xampp\htdocs\syntara\admin\dashboard.php on line 111
[29-May-2026 18:08:55 Europe/Berlin] PHP Fatal error:  Uncaught Error: Call to undefined function formatDate() in C:\xampp\htdocs\syntara\admin\dashboard.php:111
Stack trace:
#0 {main}
  thrown in C:\xampp\htdocs\syntara\admin\dashboard.php on line 111
[29-May-2026 18:10:43 Europe/Berlin] PHP Fatal error:  Uncaught Error: Call to undefined function formatDate() in C:\xampp\htdocs\syntara\admin\dashboard.php:111
Stack trace:
#0 {main}
  thrown in C:\xampp\htdocs\syntara\admin\dashboard.php on line 111
[29-May-2026 18:22:52 Europe/Berlin] PHP Fatal error:  Uncaught Error: Call to undefined function formatDate() in C:\xampp\htdocs\syntara\admin\dashboard.php:111
Stack trace:
#0 {main}
  thrown in C:\xampp\htdocs\syntara\admin\dashboard.php on line 111
[29-May-2026 18:38:08 Europe/Berlin] PHP Warning:  require_once(C:\xampp\htdocs\syntara\aluno/../Course.php): Failed to open stream: No such file or directory in C:\xampp\htdocs\syntara\aluno\view_lesson.php on line 8
[29-May-2026 18:38:08 Europe/Berlin] PHP Fatal error:  Uncaught Error: Failed opening required 'C:\xampp\htdocs\syntara\aluno/../Course.php' (include_path='C:\xampp\php\PEAR') in C:\xampp\htdocs\syntara\aluno\view_lesson.php:8
Stack trace:
#0 {main}
  thrown in C:\xampp\htdocs\syntara\aluno\view_lesson.php on line 8
[29-May-2026 18:47:29 Europe/Berlin] PHP Fatal error:  Uncaught Error: Call to undefined function formatDate() in C:\xampp\htdocs\syntara\professor\dashboard.php:106
Stack trace:
#0 {main}
  thrown in C:\xampp\htdocs\syntara\professor\dashboard.php on line 106
[29-May-2026 18:49:35 Europe/Berlin] PHP Warning:  Undefined array key "curso_nome" in C:\xampp\htdocs\syntara\professor\manage_lessons.php on line 108
[29-May-2026 18:49:35 Europe/Berlin] PHP Fatal error:  Uncaught TypeError: e(): Argument #1 ($text) must be of type string, null given, called in C:\xampp\htdocs\syntara\professor\manage_lessons.php on line 108 and defined in C:\xampp\htdocs\syntara\includes\functions.php:7
Stack trace:
#0 C:\xampp\htdocs\syntara\professor\manage_lessons.php(108): e(NULL)
#1 {main}
  thrown in C:\xampp\htdocs\syntara\includes\functions.php on line 7
[29-May-2026 18:49:46 Europe/Berlin] PHP Warning:  Undefined array key "curso_nome" in C:\xampp\htdocs\syntara\professor\manage_lessons.php on line 108
[29-May-2026 18:49:46 Europe/Berlin] PHP Fatal error:  Uncaught TypeError: e(): Argument #1 ($text) must be of type string, null given, called in C:\xampp\htdocs\syntara\professor\manage_lessons.php on line 108 and defined in C:\xampp\htdocs\syntara\includes\functions.php:7
Stack trace:
#0 C:\xampp\htdocs\syntara\professor\manage_lessons.php(108): e(NULL)
#1 {main}
  thrown in C:\xampp\htdocs\syntara\includes\functions.php on line 7
[29-May-2026 18:50:46 Europe/Berlin] PHP Warning:  Undefined array key "curso_nome" in C:\xampp\htdocs\syntara\professor\manage_lessons.php on line 108
[29-May-2026 18:50:46 Europe/Berlin] PHP Fatal error:  Uncaught TypeError: e(): Argument #1 ($text) must be of type string, null given, called in C:\xampp\htdocs\syntara\professor\manage_lessons.php on line 108 and defined in C:\xampp\htdocs\syntara\includes\functions.php:7
Stack trace:
#0 C:\xampp\htdocs\syntara\professor\manage_lessons.php(108): e(NULL)
#1 {main}
  thrown in C:\xampp\htdocs\syntara\includes\functions.php on line 7
[29-May-2026 18:52:48 Europe/Berlin] PHP Warning:  Undefined array key "curso_nome" in C:\xampp\htdocs\syntara\professor\manage_lessons.php on line 108
[29-May-2026 18:52:48 Europe/Berlin] PHP Fatal error:  Uncaught TypeError: e(): Argument #1 ($text) must be of type string, null given, called in C:\xampp\htdocs\syntara\professor\manage_lessons.php on line 108 and defined in C:\xampp\htdocs\syntara\includes\functions.php:7
Stack trace:
#0 C:\xampp\htdocs\syntara\professor\manage_lessons.php(108): e(NULL)
#1 {main}
  thrown in C:\xampp\htdocs\syntara\includes\functions.php on line 7
[29-May-2026 19:08:39 Europe/Berlin] PHP Fatal error:  Cannot redeclare e() (previously declared in C:\xampp\htdocs\syntara\includes\functions.php:7) in C:\xampp\htdocs\syntara\includes\functions.php on line 9
[29-May-2026 19:12:53 Europe/Berlin] PHP Fatal error:  Cannot redeclare e() (previously declared in C:\xampp\htdocs\syntara\includes\functions.php:7) in C:\xampp\htdocs\syntara\includes\functions.php on line 9
[29-May-2026 19:20:23 Europe/Berlin] PHP Fatal error:  Uncaught Error: Call to undefined function csrfCheck() in C:\xampp\htdocs\syntara\agenda.php:37
Stack trace:
#0 {main}
  thrown in C:\xampp\htdocs\syntara\agenda.php on line 37
[29-May-2026 19:21:57 Europe/Berlin] PHP Fatal error:  Uncaught Error: Call to undefined function csrfValidate() in C:\xampp\htdocs\syntara\agenda.php:37
Stack trace:
#0 {main}
  thrown in C:\xampp\htdocs\syntara\agenda.php on line 37
[09-Jun-2026 01:40:25 Europe/Berlin] PHP Parse error:  syntax error, unexpected end of file, expecting "elseif" or "else" or "endif" in C:\xampp\htdocs\syntara\includes\header.php on line 105
